<?xml version="1.0" encoding="UTF-8"?>
<!-- Generated by org.testng.reporters.JUnitReportReporter -->
<testsuite skipped="0" hostname="Maani" name="com.htc.amazon.test.RemovingAItemFromTheCart" tests="1" failures="0" timestamp="2021-05-28T20:01:42 IST" time="50.817" errors="0">
  <testcase name="RemovingItemFromCart" time="50.817" classname="com.htc.amazon.test.RemovingAItemFromTheCart"/>
  <system-out/>
</testsuite> <!-- com.htc.amazon.test.RemovingAItemFromTheCart -->
