<?xml version="1.0" encoding="UTF-8"?>
<!-- Generated by org.testng.reporters.JUnitReportReporter -->
<testsuite skipped="0" hostname="Maani" name="com.htc.amazon.test.ChangeUserNameTest" tests="1" failures="0" timestamp="2021-05-28T16:53:14 IST" time="90.512" errors="0">
  <testcase name="changeAccountUserName" time="90.512" classname="com.htc.amazon.test.ChangeUserNameTest"/>
  <system-out/>
</testsuite> <!-- com.htc.amazon.test.ChangeUserNameTest -->
